<?xml version="1.0" encoding="UTF-8"?>
<!-- Generated by org.testng.reporters.JUnitReportReporter -->
<testsuite skipped="1" hostname="Hasneet3674" name="com.cucumber.runner.testRunner" tests="1" failures="0" timestamp="2019-11-29T19:34:10 IST" time="0.117" errors="0">
  <testcase name="runScenario" time="0.117" classname="com.cucumber.runner.testRunner">
    <skipped/>
  </testcase> <!-- runScenario -->
</testsuite> <!-- com.cucumber.runner.testRunner -->
