<?xml version="1.0" encoding="UTF-8"?>
<!-- Generated by org.testng.reporters.JUnitReportReporter -->
<testsuite skipped="0" hostname="Hasneet3674" name="stepDefinations.RunCucumber" tests="2" failures="0" timestamp="2019-12-01T11:45:43 IST" time="51.332" errors="0">
  <testcase name="runScenario" time="12.567" classname="stepDefinations.RunCucumber"/>
  <testcase name="runScenario" time="38.765" classname="stepDefinations.RunCucumber"/>
</testsuite> <!-- stepDefinations.RunCucumber -->
