<?xml version="1.0" encoding="UTF-8"?>
<!-- Generated by org.testng.reporters.JUnitReportReporter -->
<testsuite skipped="1" hostname="Hasneet3674" name="com.cucumber.runner.Runner" tests="1" failures="0" timestamp="2019-11-29T19:51:30 IST" time="0.120" errors="0">
  <testcase name="runScenario" time="0.120" classname="com.cucumber.runner.Runner">
    <skipped/>
  </testcase> <!-- runScenario -->
</testsuite> <!-- com.cucumber.runner.Runner -->
