<?xml version="1.0" encoding="UTF-8"?>
<!-- Generated by org.testng.reporters.JUnitReportReporter -->
<testsuite skipped="2" hostname="Hasneet3674" name="com.cucumberRunner.RunCucumber" tests="2" failures="0" timestamp="2019-11-30T19:02:18 IST" time="0.132" errors="0">
  <testcase name="runScenario" time="0.004" classname="com.cucumberRunner.RunCucumber">
    <skipped/>
  </testcase> <!-- runScenario -->
  <testcase name="runScenario" time="0.128" classname="com.cucumberRunner.RunCucumber">
    <skipped/>
  </testcase> <!-- runScenario -->
</testsuite> <!-- com.cucumberRunner.RunCucumber -->
