<?xml version="1.0" encoding="UTF-8"?>
<!-- Generated by org.testng.reporters.JUnitReportReporter -->
<testsuite skipped="0" hostname="Hasneet3674" name="login.RunCucumber" tests="2" failures="0" timestamp="2019-11-30T19:05:39 IST" time="14.363" errors="0">
  <testcase name="runScenario" time="9.068" classname="login.RunCucumber"/>
  <testcase name="runScenario" time="5.295" classname="login.RunCucumber"/>
</testsuite> <!-- login.RunCucumber -->
