<?xml version="1.0" encoding="UTF-8"?>
<!-- Generated by org.testng.reporters.JUnitReportReporter -->
<testsuite skipped="0" hostname="Hasneet3674" name="com.cucumber.runner.RunCucumber" tests="1" failures="0" timestamp="2019-11-29T19:57:55 IST" time="4.529" errors="0">
  <testcase name="runScenario" time="4.529" classname="com.cucumber.runner.RunCucumber"/>
</testsuite> <!-- com.cucumber.runner.RunCucumber -->
