<?xml version="1.0" encoding="UTF-8"?>
<!-- Generated by org.testng.reporters.JUnitReportReporter -->
<testsuite skipped="2" hostname="Hasneet3674" name="com.automationframework.AutomationFramework_Hasneet.RunCucumber" tests="2" failures="0" timestamp="2019-11-30T18:55:32 IST" time="0.145" errors="0">
  <testcase name="runScenario" time="0.005" classname="com.automationframework.AutomationFramework_Hasneet.RunCucumber">
    <skipped/>
  </testcase> <!-- runScenario -->
  <testcase name="runScenario" time="0.140" classname="com.automationframework.AutomationFramework_Hasneet.RunCucumber">
    <skipped/>
  </testcase> <!-- runScenario -->
</testsuite> <!-- com.automationframework.AutomationFramework_Hasneet.RunCucumber -->
