<?xml version="1.0" encoding="UTF-8"?>
<!-- Generated by org.testng.reporters.JUnitReportReporter -->
<testsuite skipped="0" hostname="Hasneet3674" name="com.stepDefinations.RunCucumber" tests="2" failures="0" timestamp="2019-12-01T12:17:59 IST" time="29.493" errors="0">
  <testcase name="runScenario" time="14.744" classname="com.stepDefinations.RunCucumber"/>
  <testcase name="runScenario" time="14.749" classname="com.stepDefinations.RunCucumber"/>
</testsuite> <!-- com.stepDefinations.RunCucumber -->
