<?xml version="1.0" encoding="UTF-8"?>
<!-- Generated by org.testng.reporters.JUnitReportReporter -->
<testsuite skipped="0" hostname="Hasneet3674" name="stepDefinations.RunCucumber" tests="2" failures="0" timestamp="2019-12-01T11:27:03 IST" time="22.293" errors="0">
  <testcase name="runScenario" time="14.959" classname="stepDefinations.RunCucumber"/>
  <testcase name="runScenario" time="7.334" classname="stepDefinations.RunCucumber"/>
</testsuite> <!-- stepDefinations.RunCucumber -->
